package configuration for libffi is not found
have_header: checking for ffi.h... -------------------- no

"clang -o conftest -I/Users/greg/.rbenv/versions/2.1.6/include/ruby-2.1.0/x86_64-darwin14.0 -I/Users/greg/.rbenv/versions/2.1.6/include/ruby-2.1.0/ruby/backward -I/Users/greg/.rbenv/versions/2.1.6/include/ruby-2.1.0 -I. -I/Users/greg/.rbenv/versions/2.1.6/include -Qunused-arguments -D_XOPEN_SOURCE -D_DARWIN_C_SOURCE -D_DARWIN_UNLIMITED_SELECT -D_REENTRANT   -Qunused-arguments -O3 -Wno-error=shorten-64-to-32  -pipe conftest.c  -L. -L/Users/greg/.rbenv/versions/2.1.6/lib -L. -L/Users/greg/.rbenv/versions/2.1.6/lib  -fstack-protector -L/usr/local/lib     -lruby-static -framework CoreFoundation  -lpthread -lgmp -ldl -lobjc "
checked program was:
/* begin */
1: #include "ruby.h"
2: 
3: int main(int argc, char **argv)
4: {
5:   return 0;
6: }
/* end */

"clang -E -I/Users/greg/.rbenv/versions/2.1.6/include/ruby-2.1.0/x86_64-darwin14.0 -I/Users/greg/.rbenv/versions/2.1.6/include/ruby-2.1.0/ruby/backward -I/Users/greg/.rbenv/versions/2.1.6/include/ruby-2.1.0 -I. -I/Users/greg/.rbenv/versions/2.1.6/include -Qunused-arguments -D_XOPEN_SOURCE -D_DARWIN_C_SOURCE -D_DARWIN_UNLIMITED_SELECT -D_REENTRANT   -Qunused-arguments -O3 -Wno-error=shorten-64-to-32  -pipe  conftest.c -o conftest.i"
conftest.c:3:10: fatal error: 'ffi.h' file not found
#include <ffi.h>
         ^
1 error generated.
checked program was:
/* begin */
1: #include "ruby.h"
2: 
3: #include <ffi.h>
/* end */

--------------------

find_header: checking for ffi.h in /usr/local/include,/usr/include/ffi... -------------------- no

"clang -E -I/Users/greg/.rbenv/versions/2.1.6/include/ruby-2.1.0/x86_64-darwin14.0 -I/Users/greg/.rbenv/versions/2.1.6/include/ruby-2.1.0/ruby/backward -I/Users/greg/.rbenv/versions/2.1.6/include/ruby-2.1.0 -I. -I/Users/greg/.rbenv/versions/2.1.6/include -Qunused-arguments -D_XOPEN_SOURCE -D_DARWIN_C_SOURCE -D_DARWIN_UNLIMITED_SELECT -D_REENTRANT   -Qunused-arguments -O3 -Wno-error=shorten-64-to-32  -pipe  conftest.c -o conftest.i"
conftest.c:3:10: fatal error: 'ffi.h' file not found
#include <ffi.h>
         ^
1 error generated.
checked program was:
/* begin */
1: #include "ruby.h"
2: 
3: #include <ffi.h>
/* end */

"clang -E -I/Users/greg/.rbenv/versions/2.1.6/include/ruby-2.1.0/x86_64-darwin14.0 -I/Users/greg/.rbenv/versions/2.1.6/include/ruby-2.1.0/ruby/backward -I/Users/greg/.rbenv/versions/2.1.6/include/ruby-2.1.0 -I. -I/Users/greg/.rbenv/versions/2.1.6/include -Qunused-arguments -D_XOPEN_SOURCE -D_DARWIN_C_SOURCE -D_DARWIN_UNLIMITED_SELECT -D_REENTRANT   -Qunused-arguments -O3 -Wno-error=shorten-64-to-32  -pipe -I/usr/local/include conftest.c -o conftest.i"
conftest.c:3:10: fatal error: 'ffi.h' file not found
#include <ffi.h>
         ^
1 error generated.
checked program was:
/* begin */
1: #include "ruby.h"
2: 
3: #include <ffi.h>
/* end */

"clang -E -I/Users/greg/.rbenv/versions/2.1.6/include/ruby-2.1.0/x86_64-darwin14.0 -I/Users/greg/.rbenv/versions/2.1.6/include/ruby-2.1.0/ruby/backward -I/Users/greg/.rbenv/versions/2.1.6/include/ruby-2.1.0 -I. -I/Users/greg/.rbenv/versions/2.1.6/include -Qunused-arguments -D_XOPEN_SOURCE -D_DARWIN_C_SOURCE -D_DARWIN_UNLIMITED_SELECT -D_REENTRANT   -Qunused-arguments -O3 -Wno-error=shorten-64-to-32  -pipe -I/usr/include/ffi conftest.c -o conftest.i"
conftest.c:3:10: fatal error: 'ffi.h' file not found
#include <ffi.h>
         ^
1 error generated.
checked program was:
/* begin */
1: #include "ruby.h"
2: 
3: #include <ffi.h>
/* end */

--------------------

have_func: checking for rb_thread_blocking_region()... -------------------- yes

"clang -o conftest -I/Users/greg/.rbenv/versions/2.1.6/include/ruby-2.1.0/x86_64-darwin14.0 -I/Users/greg/.rbenv/versions/2.1.6/include/ruby-2.1.0/ruby/backward -I/Users/greg/.rbenv/versions/2.1.6/include/ruby-2.1.0 -I. -I/Users/greg/.rbenv/versions/2.1.6/include -Qunused-arguments -D_XOPEN_SOURCE -D_DARWIN_C_SOURCE -D_DARWIN_UNLIMITED_SELECT -D_REENTRANT   -Qunused-arguments -O3 -Wno-error=shorten-64-to-32  -pipe conftest.c  -L. -L/Users/greg/.rbenv/versions/2.1.6/lib -L. -L/Users/greg/.rbenv/versions/2.1.6/lib  -fstack-protector -L/usr/local/lib     -lruby-static -framework CoreFoundation  -lpthread -lgmp -ldl -lobjc "
conftest.c:13:57: warning: 'rb_thread_blocking_region' is deprecated [-Wdeprecated-declarations]
int t(void) { void ((*volatile p)()); p = (void ((*)()))rb_thread_blocking_region; return 0; }
                                                        ^
/Users/greg/.rbenv/versions/2.1.6/include/ruby-2.1.0/ruby/intern.h:870:18: note: 'rb_thread_blocking_region' has been explicitly marked deprecated here
DEPRECATED(VALUE rb_thread_blocking_region(rb_blocking_function_t *func, void *data1,
                 ^
/Users/greg/.rbenv/versions/2.1.6/include/ruby-2.1.0/x86_64-darwin14.0/ruby/config.h:116:52: note: expanded from macro 'DEPRECATED'
#define DEPRECATED(x) __attribute__ ((deprecated)) x
                                                   ^
1 warning generated.
checked program was:
/* begin */
 1: #include "ruby.h"
 2: 
 3: /*top*/
 4: extern int t(void);
 5: int main(int argc, char **argv)
 6: {
 7:   if (argc > 1000000) {
 8:     printf("%p", &t);
 9:   }
10: 
11:   return 0;
12: }
13: int t(void) { void ((*volatile p)()); p = (void ((*)()))rb_thread_blocking_region; return 0; }
/* end */

--------------------

have_func: checking for rb_thread_call_with_gvl()... -------------------- yes

"clang -o conftest -I/Users/greg/.rbenv/versions/2.1.6/include/ruby-2.1.0/x86_64-darwin14.0 -I/Users/greg/.rbenv/versions/2.1.6/include/ruby-2.1.0/ruby/backward -I/Users/greg/.rbenv/versions/2.1.6/include/ruby-2.1.0 -I. -I/Users/greg/.rbenv/versions/2.1.6/include -Qunused-arguments -D_XOPEN_SOURCE -D_DARWIN_C_SOURCE -D_DARWIN_UNLIMITED_SELECT -D_REENTRANT   -Qunused-arguments -O3 -Wno-error=shorten-64-to-32  -pipe conftest.c  -L. -L/Users/greg/.rbenv/versions/2.1.6/lib -L. -L/Users/greg/.rbenv/versions/2.1.6/lib  -fstack-protector -L/usr/local/lib     -lruby-static -framework CoreFoundation  -lpthread -lgmp -ldl -lobjc "
conftest.c:13:57: error: use of undeclared identifier 'rb_thread_call_with_gvl'
int t(void) { void ((*volatile p)()); p = (void ((*)()))rb_thread_call_with_gvl; return 0; }
                                                        ^
1 error generated.
checked program was:
/* begin */
 1: #include "ruby.h"
 2: 
 3: /*top*/
 4: extern int t(void);
 5: int main(int argc, char **argv)
 6: {
 7:   if (argc > 1000000) {
 8:     printf("%p", &t);
 9:   }
10: 
11:   return 0;
12: }
13: int t(void) { void ((*volatile p)()); p = (void ((*)()))rb_thread_call_with_gvl; return 0; }
/* end */

"clang -o conftest -I/Users/greg/.rbenv/versions/2.1.6/include/ruby-2.1.0/x86_64-darwin14.0 -I/Users/greg/.rbenv/versions/2.1.6/include/ruby-2.1.0/ruby/backward -I/Users/greg/.rbenv/versions/2.1.6/include/ruby-2.1.0 -I. -I/Users/greg/.rbenv/versions/2.1.6/include -Qunused-arguments -D_XOPEN_SOURCE -D_DARWIN_C_SOURCE -D_DARWIN_UNLIMITED_SELECT -D_REENTRANT   -Qunused-arguments -O3 -Wno-error=shorten-64-to-32  -pipe conftest.c  -L. -L/Users/greg/.rbenv/versions/2.1.6/lib -L. -L/Users/greg/.rbenv/versions/2.1.6/lib  -fstack-protector -L/usr/local/lib     -lruby-static -framework CoreFoundation  -lpthread -lgmp -ldl -lobjc "
conftest.c:13:15: warning: implicit declaration of function 'rb_thread_call_with_gvl' is invalid in C99 [-Wimplicit-function-declaration]
int t(void) { rb_thread_call_with_gvl(); return 0; }
              ^
1 warning generated.
checked program was:
/* begin */
 1: #include "ruby.h"
 2: 
 3: /*top*/
 4: extern int t(void);
 5: int main(int argc, char **argv)
 6: {
 7:   if (argc > 1000000) {
 8:     printf("%p", &t);
 9:   }
10: 
11:   return 0;
12: }
13: int t(void) { rb_thread_call_with_gvl(); return 0; }
/* end */

--------------------

have_func: checking for rb_thread_call_without_gvl()... -------------------- yes

"clang -o conftest -I/Users/greg/.rbenv/versions/2.1.6/include/ruby-2.1.0/x86_64-darwin14.0 -I/Users/greg/.rbenv/versions/2.1.6/include/ruby-2.1.0/ruby/backward -I/Users/greg/.rbenv/versions/2.1.6/include/ruby-2.1.0 -I. -I/Users/greg/.rbenv/versions/2.1.6/include -Qunused-arguments -D_XOPEN_SOURCE -D_DARWIN_C_SOURCE -D_DARWIN_UNLIMITED_SELECT -D_REENTRANT   -Qunused-arguments -O3 -Wno-error=shorten-64-to-32  -pipe conftest.c  -L. -L/Users/greg/.rbenv/versions/2.1.6/lib -L. -L/Users/greg/.rbenv/versions/2.1.6/lib  -fstack-protector -L/usr/local/lib     -lruby-static -framework CoreFoundation  -lpthread -lgmp -ldl -lobjc "
conftest.c:13:57: error: use of undeclared identifier 'rb_thread_call_without_gvl'
int t(void) { void ((*volatile p)()); p = (void ((*)()))rb_thread_call_without_gvl; return 0; }
                                                        ^
1 error generated.
checked program was:
/* begin */
 1: #include "ruby.h"
 2: 
 3: /*top*/
 4: extern int t(void);
 5: int main(int argc, char **argv)
 6: {
 7:   if (argc > 1000000) {
 8:     printf("%p", &t);
 9:   }
10: 
11:   return 0;
12: }
13: int t(void) { void ((*volatile p)()); p = (void ((*)()))rb_thread_call_without_gvl; return 0; }
/* end */

"clang -o conftest -I/Users/greg/.rbenv/versions/2.1.6/include/ruby-2.1.0/x86_64-darwin14.0 -I/Users/greg/.rbenv/versions/2.1.6/include/ruby-2.1.0/ruby/backward -I/Users/greg/.rbenv/versions/2.1.6/include/ruby-2.1.0 -I. -I/Users/greg/.rbenv/versions/2.1.6/include -Qunused-arguments -D_XOPEN_SOURCE -D_DARWIN_C_SOURCE -D_DARWIN_UNLIMITED_SELECT -D_REENTRANT   -Qunused-arguments -O3 -Wno-error=shorten-64-to-32  -pipe conftest.c  -L. -L/Users/greg/.rbenv/versions/2.1.6/lib -L. -L/Users/greg/.rbenv/versions/2.1.6/lib  -fstack-protector -L/usr/local/lib     -lruby-static -framework CoreFoundation  -lpthread -lgmp -ldl -lobjc "
conftest.c:13:15: warning: implicit declaration of function 'rb_thread_call_without_gvl' is invalid in C99 [-Wimplicit-function-declaration]
int t(void) { rb_thread_call_without_gvl(); return 0; }
              ^
1 warning generated.
checked program was:
/* begin */
 1: #include "ruby.h"
 2: 
 3: /*top*/
 4: extern int t(void);
 5: int main(int argc, char **argv)
 6: {
 7:   if (argc > 1000000) {
 8:     printf("%p", &t);
 9:   }
10: 
11:   return 0;
12: }
13: int t(void) { rb_thread_call_without_gvl(); return 0; }
/* end */

--------------------

have_func: checking for ffi_prep_cif_var()... -------------------- no

"clang -o conftest -I/Users/greg/.rbenv/versions/2.1.6/include/ruby-2.1.0/x86_64-darwin14.0 -I/Users/greg/.rbenv/versions/2.1.6/include/ruby-2.1.0/ruby/backward -I/Users/greg/.rbenv/versions/2.1.6/include/ruby-2.1.0 -I. -I/Users/greg/.rbenv/versions/2.1.6/include -Qunused-arguments -D_XOPEN_SOURCE -D_DARWIN_C_SOURCE -D_DARWIN_UNLIMITED_SELECT -D_REENTRANT   -Qunused-arguments -O3 -Wno-error=shorten-64-to-32  -pipe conftest.c  -L. -L/Users/greg/.rbenv/versions/2.1.6/lib -L. -L/Users/greg/.rbenv/versions/2.1.6/lib  -fstack-protector -L/usr/local/lib     -lruby-static -framework CoreFoundation  -lpthread -lgmp -ldl -lobjc "
conftest.c:13:57: error: use of undeclared identifier 'ffi_prep_cif_var'
int t(void) { void ((*volatile p)()); p = (void ((*)()))ffi_prep_cif_var; return 0; }
                                                        ^
1 error generated.
checked program was:
/* begin */
 1: #include "ruby.h"
 2: 
 3: /*top*/
 4: extern int t(void);
 5: int main(int argc, char **argv)
 6: {
 7:   if (argc > 1000000) {
 8:     printf("%p", &t);
 9:   }
10: 
11:   return 0;
12: }
13: int t(void) { void ((*volatile p)()); p = (void ((*)()))ffi_prep_cif_var; return 0; }
/* end */

"clang -o conftest -I/Users/greg/.rbenv/versions/2.1.6/include/ruby-2.1.0/x86_64-darwin14.0 -I/Users/greg/.rbenv/versions/2.1.6/include/ruby-2.1.0/ruby/backward -I/Users/greg/.rbenv/versions/2.1.6/include/ruby-2.1.0 -I. -I/Users/greg/.rbenv/versions/2.1.6/include -Qunused-arguments -D_XOPEN_SOURCE -D_DARWIN_C_SOURCE -D_DARWIN_UNLIMITED_SELECT -D_REENTRANT   -Qunused-arguments -O3 -Wno-error=shorten-64-to-32  -pipe conftest.c  -L. -L/Users/greg/.rbenv/versions/2.1.6/lib -L. -L/Users/greg/.rbenv/versions/2.1.6/lib  -fstack-protector -L/usr/local/lib     -lruby-static -framework CoreFoundation  -lpthread -lgmp -ldl -lobjc "
conftest.c:13:15: warning: implicit declaration of function 'ffi_prep_cif_var' is invalid in C99 [-Wimplicit-function-declaration]
int t(void) { ffi_prep_cif_var(); return 0; }
              ^
1 warning generated.
Undefined symbols for architecture x86_64:
  "_ffi_prep_cif_var", referenced from:
      _t in conftest-c9a0cd.o
ld: symbol(s) not found for architecture x86_64
clang: error: linker command failed with exit code 1 (use -v to see invocation)
checked program was:
/* begin */
 1: #include "ruby.h"
 2: 
 3: /*top*/
 4: extern int t(void);
 5: int main(int argc, char **argv)
 6: {
 7:   if (argc > 1000000) {
 8:     printf("%p", &t);
 9:   }
10: 
11:   return 0;
12: }
13: int t(void) { ffi_prep_cif_var(); return 0; }
/* end */

--------------------

extconf.h is:
/* begin */
1: #ifndef EXTCONF_H
2: #define EXTCONF_H
3: #define HAVE_RB_THREAD_BLOCKING_REGION 1
4: #define HAVE_RB_THREAD_CALL_WITH_GVL 1
5: #define HAVE_RB_THREAD_CALL_WITHOUT_GVL 1
6: #define USE_INTERNAL_LIBFFI 1
7: #define RUBY_1_9 1
8: #endif
/* end */

